Determining if the pthread_create exist failed with the following output:
Change Dir: /home/f/sigmod2019/theo/cmake-build-debug/CMakeFiles/CMakeTmp

Run Build Command:"/usr/bin/make" "cmTC_fee4d/fast"
/usr/bin/make -f CMakeFiles/cmTC_fee4d.dir/build.make CMakeFiles/cmTC_fee4d.dir/build
make[1]: Entering directory '/home/f/sigmod2019/theo/cmake-build-debug/CMakeFiles/CMakeTmp'
Building C object CMakeFiles/cmTC_fee4d.dir/CheckSymbolExists.c.o
/usr/bin/cc   -std=gnu11 -o CMakeFiles/cmTC_fee4d.dir/CheckSymbolExists.c.o   -c /home/f/sigmod2019/theo/cmake-build-debug/CMakeFiles/CMakeTmp/CheckSymbolExists.c
Linking C executable cmTC_fee4d
/home/f/clion/bin/cmake/linux/bin/cmake -E cmake_link_script CMakeFiles/cmTC_fee4d.dir/link.txt --verbose=1
/usr/bin/cc      CMakeFiles/cmTC_fee4d.dir/CheckSymbolExists.c.o  -o cmTC_fee4d 
CMakeFiles/cmTC_fee4d.dir/CheckSymbolExists.c.o: In function `main':
CheckSymbolExists.c:(.text+0x1b): undefined reference to `pthread_create'
collect2: error: ld returned 1 exit status
CMakeFiles/cmTC_fee4d.dir/build.make:86: recipe for target 'cmTC_fee4d' failed
make[1]: *** [cmTC_fee4d] Error 1
make[1]: Leaving directory '/home/f/sigmod2019/theo/cmake-build-debug/CMakeFiles/CMakeTmp'
Makefile:121: recipe for target 'cmTC_fee4d/fast' failed
make: *** [cmTC_fee4d/fast] Error 2

File /home/f/sigmod2019/theo/cmake-build-debug/CMakeFiles/CMakeTmp/CheckSymbolExists.c:
/* */
#include <pthread.h>

int main(int argc, char** argv)
{
  (void)argv;
#ifndef pthread_create
  return ((int*)(&pthread_create))[argc];
#else
  (void)argc;
  return 0;
#endif
}

